1493642144.708613 client started (73281): version 2.4, socket /private/tmp/tmux-501/default, protocol 8
1493642144.708644 on Darwin 16.5.0 Darwin Kernel Version 16.5.0: Fri Mar  3 16:52:33 PST 2017; root:xnu-3789.51.2~3/RELEASE_X86_64; libevent 2.1.8-stable (select)
1493642144.708685 socket is /private/tmp/tmux-501/default
1493642144.708701 trying connect
1493642144.708793 add peer 0x7feba081c800: 6 (0x0)
1493642144.709601 sending message 100 to peer 0x7feba081c800 (4 bytes)
1493642144.709618 sending message 101 to peer 0x7feba081c800 (15 bytes)
1493642144.709622 sending message 102 to peer 0x7feba081c800 (13 bytes)
1493642144.709626 sending message 108 to peer 0x7feba081c800 (39 bytes)
1493642144.709636 sending message 104 to peer 0x7feba081c800 (0 bytes)
1493642144.709640 sending message 107 to peer 0x7feba081c800 (4 bytes)
1493642144.709643 sending message 105 to peer 0x7feba081c800 (28 bytes)
1493642144.709647 sending message 105 to peer 0x7feba081c800 (16 bytes)
1493642144.709650 sending message 105 to peer 0x7feba081c800 (20 bytes)
1493642144.709653 sending message 105 to peer 0x7feba081c800 (57 bytes)
1493642144.709656 sending message 105 to peer 0x7feba081c800 (76 bytes)
1493642144.709660 sending message 105 to peer 0x7feba081c800 (27 bytes)
1493642144.709663 sending message 105 to peer 0x7feba081c800 (53 bytes)
1493642144.709666 sending message 105 to peer 0x7feba081c800 (16 bytes)
1493642144.709669 sending message 105 to peer 0x7feba081c800 (66 bytes)
1493642144.709673 sending message 105 to peer 0x7feba081c800 (38 bytes)
1493642144.709676 sending message 105 to peer 0x7feba081c800 (41 bytes)
1493642144.709679 sending message 105 to peer 0x7feba081c800 (206 bytes)
1493642144.709683 sending message 105 to peer 0x7feba081c800 (43 bytes)
1493642144.709686 sending message 105 to peer 0x7feba081c800 (17 bytes)
1493642144.709689 sending message 105 to peer 0x7feba081c800 (13 bytes)
1493642144.709693 sending message 105 to peer 0x7feba081c800 (14 bytes)
1493642144.709696 sending message 105 to peer 0x7feba081c800 (19 bytes)
1493642144.709699 sending message 105 to peer 0x7feba081c800 (23 bytes)
1493642144.709702 sending message 105 to peer 0x7feba081c800 (8 bytes)
1493642144.709706 sending message 105 to peer 0x7feba081c800 (19 bytes)
1493642144.709709 sending message 105 to peer 0x7feba081c800 (58 bytes)
1493642144.709712 sending message 105 to peer 0x7feba081c800 (75 bytes)
1493642144.709715 sending message 105 to peer 0x7feba081c800 (24 bytes)
1493642144.709718 sending message 105 to peer 0x7feba081c800 (58 bytes)
1493642144.709722 sending message 105 to peer 0x7feba081c800 (22 bytes)
1493642144.709725 sending message 105 to peer 0x7feba081c800 (17 bytes)
1493642144.709728 sending message 105 to peer 0x7feba081c800 (15 bytes)
1493642144.709731 sending message 106 to peer 0x7feba081c800 (0 bytes)
1493642144.709737 sending message 200 to peer 0x7feba081c800 (4 bytes)
1493642144.709740 client loop enter
1493642144.709941 peer 0x7feba081c800 message 211
1493642144.709960 peer 0x7feba081c800 message 203
1493642144.709967 client loop exit
